

*******************************************************************************
Thu Sep  3 02:49:04 2015


FIT:    data read from "kalib" using 2:1:3
        format = x:z:s
        #datapoints = 22
function used for fitting: f(x)
fitted parameters initialized with current variable values



 Iteration 0
 WSSR        : 2.66193e+12       delta(WSSR)/WSSR   : 0
 delta(WSSR) : 0                 limit for stopping : 1e-05
 lambda	  : 744.851

initial set of free parameter values

a               = 1

After 3 iterations the fit converged.
final sum of squares of residuals : 3.30795e+08
rel. change during last iteration : -3.1397e-06

degrees of freedom    (FIT_NDF)                        : 21
rms of residuals      (FIT_STDFIT) = sqrt(WSSR/ndf)    : 3968.9
variance of residuals (reduced chisquare) = WSSR/ndf   : 1.57522e+07

Final set of parameters            Asymptotic Standard Error
=======================            ==========================

a               = 467.972          +/- 1.136        (0.2428%)


correlation matrix of the fit parameters:

               a      
a               1.000 


*******************************************************************************
Thu Sep  3 02:50:40 2015


FIT:    data read from "kalib" using 2:1:3
        format = x:z:s
        #datapoints = 22
function used for fitting: f(x)
fitted parameters initialized with current variable values



 Iteration 0
 WSSR        : 2.66193e+12       delta(WSSR)/WSSR   : 0
 delta(WSSR) : 0                 limit for stopping : 1e-05
 lambda	  : 744.851

initial set of free parameter values

a               = 1

After 3 iterations the fit converged.
final sum of squares of residuals : 3.30795e+08
rel. change during last iteration : -3.1397e-06

degrees of freedom    (FIT_NDF)                        : 21
rms of residuals      (FIT_STDFIT) = sqrt(WSSR/ndf)    : 3968.9
variance of residuals (reduced chisquare) = WSSR/ndf   : 1.57522e+07

Final set of parameters            Asymptotic Standard Error
=======================            ==========================

a               = 467.972          +/- 1.136        (0.2428%)


correlation matrix of the fit parameters:

               a      
a               1.000 


*******************************************************************************
Thu Sep  3 02:51:44 2015


FIT:    data read from "kalib" using 2:1:3
        format = x:z:s
        #datapoints = 22
function used for fitting: f(x)
fitted parameters initialized with current variable values



 Iteration 0
 WSSR        : 2.66193e+12       delta(WSSR)/WSSR   : 0
 delta(WSSR) : 0                 limit for stopping : 1e-05
 lambda	  : 744.851

initial set of free parameter values

a               = 1

After 3 iterations the fit converged.
final sum of squares of residuals : 3.30795e+08
rel. change during last iteration : -3.1397e-06

degrees of freedom    (FIT_NDF)                        : 21
rms of residuals      (FIT_STDFIT) = sqrt(WSSR/ndf)    : 3968.9
variance of residuals (reduced chisquare) = WSSR/ndf   : 1.57522e+07

Final set of parameters            Asymptotic Standard Error
=======================            ==========================

a               = 467.972          +/- 1.136        (0.2428%)


correlation matrix of the fit parameters:

               a      
a               1.000 


*******************************************************************************
Thu Sep  3 02:51:55 2015


FIT:    data read from "kalib" using 2:1:3
        format = x:z:s
        #datapoints = 22
function used for fitting: f(x)
fitted parameters initialized with current variable values



 Iteration 0
 WSSR        : 2.66193e+12       delta(WSSR)/WSSR   : 0
 delta(WSSR) : 0                 limit for stopping : 1e-05
 lambda	  : 744.851

initial set of free parameter values

a               = 1

After 3 iterations the fit converged.
final sum of squares of residuals : 3.30795e+08
rel. change during last iteration : -3.1397e-06

degrees of freedom    (FIT_NDF)                        : 21
rms of residuals      (FIT_STDFIT) = sqrt(WSSR/ndf)    : 3968.9
variance of residuals (reduced chisquare) = WSSR/ndf   : 1.57522e+07

Final set of parameters            Asymptotic Standard Error
=======================            ==========================

a               = 467.972          +/- 1.136        (0.2428%)


correlation matrix of the fit parameters:

               a      
a               1.000 


*******************************************************************************
Thu Sep  3 02:52:17 2015


FIT:    data read from "kalib" using 2:1:3
        format = x:z:s
        #datapoints = 22
function used for fitting: f(x)


*******************************************************************************
Thu Sep  3 02:52:41 2015


FIT:    data read from "kalib" using 2:1:3
        format = x:z:s
        #datapoints = 22
function used for fitting: f(x)


*******************************************************************************
Thu Sep  3 02:52:55 2015


FIT:    data read from "kalib" using 2:1:3
        format = x:z:s
        #datapoints = 22
function used for fitting: f(x)
fitted parameters initialized with current variable values



 Iteration 0
 WSSR        : 2.66193e+12       delta(WSSR)/WSSR   : 0
 delta(WSSR) : 0                 limit for stopping : 1e-05
 lambda	  : 744.851

initial set of free parameter values

a               = 1

After 3 iterations the fit converged.
final sum of squares of residuals : 3.30795e+08
rel. change during last iteration : -3.1397e-06

degrees of freedom    (FIT_NDF)                        : 21
rms of residuals      (FIT_STDFIT) = sqrt(WSSR/ndf)    : 3968.9
variance of residuals (reduced chisquare) = WSSR/ndf   : 1.57522e+07

Final set of parameters            Asymptotic Standard Error
=======================            ==========================

a               = 467.972          +/- 1.136        (0.2428%)


correlation matrix of the fit parameters:

               a      
a               1.000 


*******************************************************************************
Thu Sep  3 02:54:35 2015


FIT:    data read from "kalib.dat" using 2:1:3
        format = x:z:s
        #datapoints = 22
function used for fitting: f(x)
fitted parameters initialized with current variable values



 Iteration 0
 WSSR        : 2.66193e+12       delta(WSSR)/WSSR   : 0
 delta(WSSR) : 0                 limit for stopping : 1e-05
 lambda	  : 744.851

initial set of free parameter values

a               = 1

After 3 iterations the fit converged.
final sum of squares of residuals : 3.30795e+08
rel. change during last iteration : -3.1397e-06

degrees of freedom    (FIT_NDF)                        : 21
rms of residuals      (FIT_STDFIT) = sqrt(WSSR/ndf)    : 3968.9
variance of residuals (reduced chisquare) = WSSR/ndf   : 1.57522e+07

Final set of parameters            Asymptotic Standard Error
=======================            ==========================

a               = 467.972          +/- 1.136        (0.2428%)


correlation matrix of the fit parameters:

               a      
a               1.000 


*******************************************************************************
Thu Sep  3 02:55:28 2015


FIT:    data read from "kalib.dat" using 2:1:3
        format = x:z:s
        #datapoints = 22
function used for fitting: f(x)
fitted parameters initialized with current variable values



 Iteration 0
 WSSR        : 2.66193e+12       delta(WSSR)/WSSR   : 0
 delta(WSSR) : 0                 limit for stopping : 1e-05
 lambda	  : 744.851

initial set of free parameter values

a               = 1

After 3 iterations the fit converged.
final sum of squares of residuals : 3.30795e+08
rel. change during last iteration : -3.1397e-06

degrees of freedom    (FIT_NDF)                        : 21
rms of residuals      (FIT_STDFIT) = sqrt(WSSR/ndf)    : 3968.9
variance of residuals (reduced chisquare) = WSSR/ndf   : 1.57522e+07

Final set of parameters            Asymptotic Standard Error
=======================            ==========================

a               = 467.972          +/- 1.136        (0.2428%)


correlation matrix of the fit parameters:

               a      
a               1.000 


*******************************************************************************
Thu Sep  3 02:56:40 2015


FIT:    data read from "kalib.dat" using 2:1:3
        format = x:z:s
        #datapoints = 22
function used for fitting: f(x)
fitted parameters initialized with current variable values



 Iteration 0
 WSSR        : 2.67312e+12       delta(WSSR)/WSSR   : 0
 delta(WSSR) : 0                 limit for stopping : 1e-05
 lambda	  : 744.851

initial set of free parameter values

a               = 0.02

After 3 iterations the fit converged.
final sum of squares of residuals : 3.30795e+08
rel. change during last iteration : -3.15289e-06

degrees of freedom    (FIT_NDF)                        : 21
rms of residuals      (FIT_STDFIT) = sqrt(WSSR/ndf)    : 3968.9
variance of residuals (reduced chisquare) = WSSR/ndf   : 1.57522e+07

Final set of parameters            Asymptotic Standard Error
=======================            ==========================

a               = 467.972          +/- 1.136        (0.2428%)


correlation matrix of the fit parameters:

               a      
a               1.000 


*******************************************************************************
Thu Sep  3 02:58:38 2015


FIT:    data read from "kalib.dat" using 2:1:3
        format = x:z:s
        #datapoints = 22
function used for fitting: f(x)
fitted parameters initialized with current variable values



 Iteration 0
 WSSR        : 2.67311e+12       delta(WSSR)/WSSR   : 0
 delta(WSSR) : 0                 limit for stopping : 1e-05
 lambda	  : 744.851

initial set of free parameter values

a               = 0.021

After 3 iterations the fit converged.
final sum of squares of residuals : 3.30795e+08
rel. change during last iteration : -3.15288e-06

degrees of freedom    (FIT_NDF)                        : 21
rms of residuals      (FIT_STDFIT) = sqrt(WSSR/ndf)    : 3968.9
variance of residuals (reduced chisquare) = WSSR/ndf   : 1.57522e+07

Final set of parameters            Asymptotic Standard Error
=======================            ==========================

a               = 467.972          +/- 1.136        (0.2428%)


correlation matrix of the fit parameters:

               a      
a               1.000 


*******************************************************************************
Thu Sep  3 02:59:11 2015


FIT:    data read from "kalib.dat" using 2:1:3
        format = x:z:s
        #datapoints = 22
function used for fitting: f(x)
fitted parameters initialized with current variable values



 Iteration 0
 WSSR        : 2.67314e+12       delta(WSSR)/WSSR   : 0
 delta(WSSR) : 0                 limit for stopping : 1e-05
 lambda	  : 744.851

initial set of free parameter values

a               = 0.018

After 3 iterations the fit converged.
final sum of squares of residuals : 3.30795e+08
rel. change during last iteration : -3.15292e-06

degrees of freedom    (FIT_NDF)                        : 21
rms of residuals      (FIT_STDFIT) = sqrt(WSSR/ndf)    : 3968.9
variance of residuals (reduced chisquare) = WSSR/ndf   : 1.57522e+07

Final set of parameters            Asymptotic Standard Error
=======================            ==========================

a               = 467.972          +/- 1.136        (0.2428%)


correlation matrix of the fit parameters:

               a      
a               1.000 


*******************************************************************************
Thu Sep  3 03:01:06 2015


FIT:    data read from "kalib.dat" using 2:1:3
        format = x:z:s
        #datapoints = 22
function used for fitting: f(x)
fitted parameters initialized with current variable values



*******************************************************************************
Thu Sep  3 03:01:31 2015


FIT:    data read from "kalib.dat" using 2:1:3
        format = x:z:s
        #datapoints = 22
function used for fitting: f(x)
fitted parameters initialized with current variable values



 Iteration 0
 WSSR        : 2.67185e+12       delta(WSSR)/WSSR   : 0
 delta(WSSR) : 0                 limit for stopping : 1e-05
 lambda	  : 531.415

initial set of free parameter values

a               = 0.018
b               = 1

After 4 iterations the fit converged.
final sum of squares of residuals : 1.10137e+08
rel. change during last iteration : -1.91153e-09

degrees of freedom    (FIT_NDF)                        : 20
rms of residuals      (FIT_STDFIT) = sqrt(WSSR/ndf)    : 2346.67
variance of residuals (reduced chisquare) = WSSR/ndf   : 5.50684e+06

Final set of parameters            Asymptotic Standard Error
=======================            ==========================

a               = 474.691          +/- 1.256        (0.2646%)
b               = -59.2257         +/- 9.356        (15.8%)


correlation matrix of the fit parameters:

               a      b      
a               1.000 
b              -0.845  1.000 


*******************************************************************************
Thu Sep  3 03:02:20 2015


FIT:    data read from "kalib.dat" using 2:1:3
        format = x:z:s
        #datapoints = 22
function used for fitting: f(x)
fitted parameters initialized with current variable values



 Iteration 0
 WSSR        : 2.67204e+12       delta(WSSR)/WSSR   : 0
 delta(WSSR) : 0                 limit for stopping : 1e-05
 lambda	  : 531.415

initial set of free parameter values

a               = 0.0018
b               = 1

After 4 iterations the fit converged.
final sum of squares of residuals : 1.10137e+08
rel. change during last iteration : -1.91157e-09

degrees of freedom    (FIT_NDF)                        : 20
rms of residuals      (FIT_STDFIT) = sqrt(WSSR/ndf)    : 2346.67
variance of residuals (reduced chisquare) = WSSR/ndf   : 5.50684e+06

Final set of parameters            Asymptotic Standard Error
=======================            ==========================

a               = 474.691          +/- 1.256        (0.2646%)
b               = -59.2257         +/- 9.356        (15.8%)


correlation matrix of the fit parameters:

               a      b      
a               1.000 
b              -0.845  1.000 


*******************************************************************************
Thu Sep  3 03:03:12 2015


FIT:    data read from "kalib.dat" using 2:1:3
        format = x:z:s
        #datapoints = 22
function used for fitting: f(x)
fitted parameters initialized with current variable values



 Iteration 0
 WSSR        : 2.67314e+12       delta(WSSR)/WSSR   : 0
 delta(WSSR) : 0                 limit for stopping : 1e-05
 lambda	  : 9.48041

initial set of free parameter values

a               = 1
b               = 1

After 3 iterations the fit converged.
final sum of squares of residuals : 3.30795e+08
rel. change during last iteration : -2.06007e-07

degrees of freedom    (FIT_NDF)                        : 20
rms of residuals      (FIT_STDFIT) = sqrt(WSSR/ndf)    : 4066.91
variance of residuals (reduced chisquare) = WSSR/ndf   : 1.65398e+07

BREAK:          Singular matrix in Invert_RtR



*******************************************************************************
Thu Sep  3 03:04:39 2015


FIT:    data read from "kalib.dat" using 2:1:3
        format = x:z:s
        #datapoints = 22
function used for fitting: f(x)
fitted parameters initialized with current variable values



 Iteration 0
 WSSR        : 2.67314e+12       delta(WSSR)/WSSR   : 0
 delta(WSSR) : 0                 limit for stopping : 1e-05
 lambda	  : 13.4073

initial set of free parameter values

a               = 1

After 3 iterations the fit converged.
final sum of squares of residuals : 3.30795e+08
rel. change during last iteration : -3.15292e-06

degrees of freedom    (FIT_NDF)                        : 21
rms of residuals      (FIT_STDFIT) = sqrt(WSSR/ndf)    : 3968.9
variance of residuals (reduced chisquare) = WSSR/ndf   : 1.57522e+07

Final set of parameters            Asymptotic Standard Error
=======================            ==========================

a               = 25998.5          +/- 63.11        (0.2428%)


correlation matrix of the fit parameters:

               a      
a               1.000 


*******************************************************************************
Thu Sep  3 03:06:22 2015


FIT:    data read from "kalib.dat" using 2:1:3
        format = x:z:s
        #datapoints = 22
function used for fitting: f(x)
fitted parameters initialized with current variable values



 Iteration 0
 WSSR        : 2.67333e+12       delta(WSSR)/WSSR   : 0
 delta(WSSR) : 0                 limit for stopping : 1e-05
 lambda	  : 13.4073

initial set of free parameter values

a               = 0.1

After 3 iterations the fit converged.
final sum of squares of residuals : 3.30795e+08
rel. change during last iteration : -3.15314e-06

degrees of freedom    (FIT_NDF)                        : 21
rms of residuals      (FIT_STDFIT) = sqrt(WSSR/ndf)    : 3968.9
variance of residuals (reduced chisquare) = WSSR/ndf   : 1.57522e+07

Final set of parameters            Asymptotic Standard Error
=======================            ==========================

a               = 25998.5          +/- 63.11        (0.2428%)


correlation matrix of the fit parameters:

               a      
a               1.000 


*******************************************************************************
Thu Sep  3 03:09:05 2015


FIT:    data read from "kalib.dat" using 2:1:3
        format = x:z:s
        #datapoints = 22
function used for fitting: f(x)
fitted parameters initialized with current variable values



 Iteration 0
 WSSR        : 2.67304e+12       delta(WSSR)/WSSR   : 0
 delta(WSSR) : 0                 limit for stopping : 1e-05
 lambda	  : 4.26555

initial set of free parameter values

b               = 1

After 2 iterations the fit converged.
final sum of squares of residuals : 2.67294e+12
rel. change during last iteration : -5.48028e-16

degrees of freedom    (FIT_NDF)                        : 21
rms of residuals      (FIT_STDFIT) = sqrt(WSSR/ndf)    : 356767
variance of residuals (reduced chisquare) = WSSR/ndf   : 1.27283e+11

Final set of parameters            Asymptotic Standard Error
=======================            ==========================

b               = 78161            +/- 5.45e+13     (6.972e+10%)


correlation matrix of the fit parameters:

               b      
b               1.000 


*******************************************************************************
Thu Sep  3 03:10:22 2015


FIT:    data read from "kalib.dat" using 2:1:3
        format = x:z:s
        #datapoints = 22
function used for fitting: f(x)
fitted parameters initialized with current variable values



 Iteration 0
 WSSR        : 2.67319e+12       delta(WSSR)/WSSR   : 0
 delta(WSSR) : 0                 limit for stopping : 1e-05
 lambda	  : 2.13277

initial set of free parameter values

b               = 1

The maximum lambda = 1.000000e+20 was exceeded. Fit stopped.
final sum of squares of residuals : 2.67314e+12
rel. change during last iteration : 0

degrees of freedom    (FIT_NDF)                        : 21
rms of residuals      (FIT_STDFIT) = sqrt(WSSR/ndf)    : 356781
variance of residuals (reduced chisquare) = WSSR/ndf   : 1.27292e+11

Final set of parameters            Asymptotic Standard Error
=======================            ==========================

b               = 156325           +/- 4.36e+14     (2.789e+11%)


correlation matrix of the fit parameters:

               b      
b               1.000 


*******************************************************************************
Thu Sep  3 03:10:54 2015


FIT:    data read from "kalib.dat" using 2:1:3
        format = x:z:s
        #datapoints = 22
function used for fitting: f(x)
fitted parameters initialized with current variable values



 Iteration 0
 WSSR        : 2.67332e+12       delta(WSSR)/WSSR   : 0
 delta(WSSR) : 0                 limit for stopping : 1e-05
 lambda	  : 0.426555

initial set of free parameter values

b               = 1

After 1 iterations the fit converged.
final sum of squares of residuals : 2.67331e+12
rel. change during last iteration : -3.84593e-06

degrees of freedom    (FIT_NDF)                        : 21
rms of residuals      (FIT_STDFIT) = sqrt(WSSR/ndf)    : 356792
variance of residuals (reduced chisquare) = WSSR/ndf   : 1.273e+11

Final set of parameters            Asymptotic Standard Error
=======================            ==========================

b               = 781641           +/- 5.45e+16     (6.973e+12%)


correlation matrix of the fit parameters:

               b      
b               1.000 


*******************************************************************************
Thu Sep  3 03:20:07 2015


FIT:    data read from "kalib.dat" using 2:1:3
        format = x:z:s
        #datapoints = 22
function used for fitting: f(x)
fitted parameters initialized with current variable values



 Iteration 0
 WSSR        : 2.67332e+12       delta(WSSR)/WSSR   : 0
 delta(WSSR) : 0                 limit for stopping : 1e-05
 lambda	  : 1.56478

initial set of free parameter values

b               = 1

After 3 iterations the fit converged.
final sum of squares of residuals : 3.30795e+08
rel. change during last iteration : -3.15314e-06

degrees of freedom    (FIT_NDF)                        : 21
rms of residuals      (FIT_STDFIT) = sqrt(WSSR/ndf)    : 3968.9
variance of residuals (reduced chisquare) = WSSR/ndf   : 1.57522e+07

Final set of parameters            Asymptotic Standard Error
=======================            ==========================

b               = 222759           +/- 540.8        (0.2428%)


correlation matrix of the fit parameters:

               b      
b               1.000 


*******************************************************************************
Thu Sep  3 03:22:24 2015


FIT:    data read from "kalib.dat" using 2:1:3
        format = x:z:s
        #datapoints = 22
function used for fitting: f(x)
fitted parameters initialized with current variable values



 Iteration 0
 WSSR        : 2.6733e+12        delta(WSSR)/WSSR   : 0
 delta(WSSR) : 0                 limit for stopping : 1e-05
 lambda	  : 0

initial set of free parameter values

b               = 1
BREAK:          Singular matrix in Givens()



*******************************************************************************
Thu Sep  3 03:22:50 2015


FIT:    data read from "kalib.dat" using 2:1:3
        format = x:z:s
        #datapoints = 22
function used for fitting: f(x)
fitted parameters initialized with current variable values



 Iteration 0
 WSSR        : 2.67331e+12       delta(WSSR)/WSSR   : 0
 delta(WSSR) : 0                 limit for stopping : 1e-05
 lambda	  : 0.497836

initial set of free parameter values

b               = 1

After 1 iterations the fit converged.
final sum of squares of residuals : 2.6733e+12
rel. change during last iteration : -4.48863e-06

degrees of freedom    (FIT_NDF)                        : 21
rms of residuals      (FIT_STDFIT) = sqrt(WSSR/ndf)    : 356791
variance of residuals (reduced chisquare) = WSSR/ndf   : 1.273e+11

Final set of parameters            Asymptotic Standard Error
=======================            ==========================

b               = 669723           +/- 3.428e+16    (5.119e+12%)


correlation matrix of the fit parameters:

               b      
b               1.000 


*******************************************************************************
Thu Sep  3 03:23:23 2015


FIT:    data read from "kalib.dat" using 2:1:3
        format = x:z:s
        #datapoints = 22
function used for fitting: f(x)
fitted parameters initialized with current variable values



 Iteration 0
 WSSR        : 2.67331e+12       delta(WSSR)/WSSR   : 0
 delta(WSSR) : 0                 limit for stopping : 1e-05
 lambda	  : 0.497836

initial set of free parameter values

b               = 1

After 1 iterations the fit converged.
final sum of squares of residuals : 2.6733e+12
rel. change during last iteration : -4.48863e-06

degrees of freedom    (FIT_NDF)                        : 21
rms of residuals      (FIT_STDFIT) = sqrt(WSSR/ndf)    : 356791
variance of residuals (reduced chisquare) = WSSR/ndf   : 1.273e+11

Final set of parameters            Asymptotic Standard Error
=======================            ==========================

b               = 669723           +/- 3.428e+16    (5.119e+12%)


correlation matrix of the fit parameters:

               b      
b               1.000 


*******************************************************************************
Thu Sep  3 03:23:41 2015


FIT:    data read from "kalib.dat" using 2:1:3
        format = x:z:s
        #datapoints = 22
function used for fitting: f(x)
fitted parameters initialized with current variable values



 Iteration 0
 WSSR        : 2.67331e+12       delta(WSSR)/WSSR   : 0
 delta(WSSR) : 0                 limit for stopping : 1e-05
 lambda	  : 0.448053

initial set of free parameter values

b               = 1

After 1 iterations the fit converged.
final sum of squares of residuals : 2.6733e+12
rel. change during last iteration : -4.03977e-06

degrees of freedom    (FIT_NDF)                        : 21
rms of residuals      (FIT_STDFIT) = sqrt(WSSR/ndf)    : 356791
variance of residuals (reduced chisquare) = WSSR/ndf   : 1.273e+11

Final set of parameters            Asymptotic Standard Error
=======================            ==========================

b               = 744137           +/- 4.703e+16    (6.32e+12%)


correlation matrix of the fit parameters:

               b      
b               1.000 


*******************************************************************************
Thu Sep  3 03:23:51 2015


FIT:    data read from "kalib.dat" using 2:1:3
        format = x:z:s
        #datapoints = 22
function used for fitting: f(x)
fitted parameters initialized with current variable values



 Iteration 0
 WSSR        : 2.67332e+12       delta(WSSR)/WSSR   : 0
 delta(WSSR) : 0                 limit for stopping : 1e-05
 lambda	  : 0.373377

initial set of free parameter values

b               = 1

After 1 iterations the fit converged.
final sum of squares of residuals : 2.67331e+12
rel. change during last iteration : -3.36647e-06

degrees of freedom    (FIT_NDF)                        : 21
rms of residuals      (FIT_STDFIT) = sqrt(WSSR/ndf)    : 356792
variance of residuals (reduced chisquare) = WSSR/ndf   : 1.273e+11

Final set of parameters            Asymptotic Standard Error
=======================            ==========================

b               = 892966           +/- 8.127e+16    (9.101e+12%)


correlation matrix of the fit parameters:

               b      
b               1.000 


*******************************************************************************
Thu Sep  3 03:24:05 2015


FIT:    data read from "kalib.dat" using 2:1:3
        format = x:z:s
        #datapoints = 22
function used for fitting: f(x)
fitted parameters initialized with current variable values



 Iteration 0
 WSSR        : 2.67333e+12       delta(WSSR)/WSSR   : 0
 delta(WSSR) : 0                 limit for stopping : 1e-05
 lambda	  : 0.248918

initial set of free parameter values

b               = 1

After 1 iterations the fit converged.
final sum of squares of residuals : 2.67332e+12
rel. change during last iteration : -2.24431e-06

degrees of freedom    (FIT_NDF)                        : 21
rms of residuals      (FIT_STDFIT) = sqrt(WSSR/ndf)    : 356793
variance of residuals (reduced chisquare) = WSSR/ndf   : 1.27301e+11

Final set of parameters            Asymptotic Standard Error
=======================            ==========================

b               = 1.33945e+06      +/- 2.743e+17    (2.048e+13%)


correlation matrix of the fit parameters:

               b      
b               1.000 


*******************************************************************************
Thu Sep  3 03:26:00 2015


FIT:    data read from "kalib.dat" using 2:1:3
        format = x:z:s
        #datapoints = 22
function used for fitting: f(x)
fitted parameters initialized with current variable values



 Iteration 0
 WSSR        : 2.67333e+12       delta(WSSR)/WSSR   : 0
 delta(WSSR) : 0                 limit for stopping : 1e-05
 lambda	  : 0.248918

initial set of free parameter values

b               = 1

After 1 iterations the fit converged.
final sum of squares of residuals : 2.67332e+12
rel. change during last iteration : -2.24431e-06

degrees of freedom    (FIT_NDF)                        : 21
rms of residuals      (FIT_STDFIT) = sqrt(WSSR/ndf)    : 356793
variance of residuals (reduced chisquare) = WSSR/ndf   : 1.27301e+11

Final set of parameters            Asymptotic Standard Error
=======================            ==========================

b               = 1.33945e+06      +/- 2.743e+17    (2.048e+13%)


correlation matrix of the fit parameters:

               b      
b               1.000 


*******************************************************************************
Thu Sep  3 03:28:18 2015


FIT:    data read from "kalib.dat" using 2:1:3
        format = x:z:s
        #datapoints = 22
function used for fitting: f(x)
fitted parameters initialized with current variable values



 Iteration 0
 WSSR        : 2.67333e+12       delta(WSSR)/WSSR   : 0
 delta(WSSR) : 0                 limit for stopping : 1e-05
 lambda	  : 0.248918

initial set of free parameter values

b               = 1

After 1 iterations the fit converged.
final sum of squares of residuals : 2.67332e+12
rel. change during last iteration : -2.24431e-06

degrees of freedom    (FIT_NDF)                        : 21
rms of residuals      (FIT_STDFIT) = sqrt(WSSR/ndf)    : 356793
variance of residuals (reduced chisquare) = WSSR/ndf   : 1.27301e+11

Final set of parameters            Asymptotic Standard Error
=======================            ==========================

b               = 1.33945e+06      +/- 2.743e+17    (2.048e+13%)


correlation matrix of the fit parameters:

               b      
b               1.000 


*******************************************************************************
Thu Sep  3 03:29:27 2015


FIT:    data read from "kalib.dat" using 2:1:(5*$3)
        format = x:z:s
        #datapoints = 22
function used for fitting: f(x)
fitted parameters initialized with current variable values



 Iteration 0
 WSSR        : 1.06933e+11       delta(WSSR)/WSSR   : 0
 delta(WSSR) : 0                 limit for stopping : 1e-05
 lambda	  : 0.0497836

initial set of free parameter values

b               = 1

After 1 iterations the fit converged.
final sum of squares of residuals : 1.06933e+11
rel. change during last iteration : -2.24431e-06

degrees of freedom    (FIT_NDF)                        : 21
rms of residuals      (FIT_STDFIT) = sqrt(WSSR/ndf)    : 71358.6
variance of residuals (reduced chisquare) = WSSR/ndf   : 5.09204e+09

Final set of parameters            Asymptotic Standard Error
=======================            ==========================

b               = 1.33945e+06      +/- 2.743e+17    (2.048e+13%)


correlation matrix of the fit parameters:

               b      
b               1.000 
